Created by PLY version 3.11 (http://www.dabeaz.com/ply)

Unused terminals:

    CARACTER
    FLOTANTE

Grammar

Rule 0     S' -> Programa
Rule 1     Programa -> PROGRAMA IDENTIFICADOR PARENTESIS_IZQ PARENTESIS_DER LLAVE_IZQ Sentencias Terminar LLAVE_DER
Rule 2     Sentencias -> Sentencia
Rule 3     Sentencias -> Sentencias Sentencia
Rule 4     Sentencia -> Declaracion
Rule 5     Sentencia -> Asignacion
Rule 6     Sentencia -> Imprimir
Rule 7     Sentencia -> Leer
Rule 8     Sentencia -> Mientras
Rule 9     Sentencia -> Si
Rule 10    Leer -> LEER IDENTIFICADOR PUNTO_Y_COMA
Rule 11    Imprimir -> IMPRIMIR PARENTESIS_IZQ ContenidoImprimir PARENTESIS_DER PUNTO_Y_COMA
Rule 12    ContenidoImprimir -> TEXTO
Rule 13    ContenidoImprimir -> IDENTIFICADOR
Rule 14    ContenidoImprimir -> ContenidoImprimir COMA ContenidoImprimir
Rule 15    Declaracion -> Tipo ListaIdentificadores PUNTO_Y_COMA
Rule 16    Declaracion -> Tipo IDENTIFICADOR IGUAL Expresion PUNTO_Y_COMA
Rule 17    Tipo -> INT
Rule 18    Tipo -> FLOAT
Rule 19    Tipo -> CHAR
Rule 20    ListaIdentificadores -> IDENTIFICADOR
Rule 21    ListaIdentificadores -> ListaIdentificadores COMA IDENTIFICADOR
Rule 22    Asignacion -> IDENTIFICADOR IGUAL Expresion PUNTO_Y_COMA
Rule 23    Expresion -> NUMERO
Rule 24    Expresion -> IDENTIFICADOR
Rule 25    Expresion -> Expresion SUMA Expresion
Rule 26    Expresion -> Expresion RESTA Expresion
Rule 27    Expresion -> Expresion MULTIPLICACION Expresion
Rule 28    Expresion -> Expresion DIVISION Expresion
Rule 29    Mientras -> MIENTRAS PARENTESIS_IZQ Condicion PARENTESIS_DER LLAVE_IZQ Sentencias LLAVE_DER
Rule 30    Si -> SI PARENTESIS_IZQ Condicion PARENTESIS_DER LLAVE_IZQ Sentencias LLAVE_DER
Rule 31    Si -> SI PARENTESIS_IZQ Condicion PARENTESIS_DER LLAVE_IZQ Sentencias LLAVE_DER SINO LLAVE_IZQ Sentencias LLAVE_DER
Rule 32    Condicion -> Expresion MENOR Expresion
Rule 33    Condicion -> Expresion MENOR_IGUAL Expresion
Rule 34    Condicion -> Expresion MAYOR Expresion
Rule 35    Condicion -> Expresion MAYOR_IGUAL Expresion
Rule 36    Condicion -> Expresion IGUAL_IGUAL Expresion
Rule 37    Condicion -> Expresion DISTINTO Expresion
Rule 38    Condicion -> Condicion AND_COR Condicion
Rule 39    Condicion -> Condicion AND_LAR Condicion
Rule 40    Condicion -> Condicion OR_COR Condicion
Rule 41    Condicion -> Condicion OR_LAR Condicion
Rule 42    Terminar -> TERMINAR PUNTO_Y_COMA

Terminals, with rules where they appear

AND_COR              : 38
AND_LAR              : 39
CARACTER             : 
CHAR                 : 19
COMA                 : 14 21
DISTINTO             : 37
DIVISION             : 28
FLOAT                : 18
FLOTANTE             : 
IDENTIFICADOR        : 1 10 13 16 20 21 22 24
IGUAL                : 16 22
IGUAL_IGUAL          : 36
IMPRIMIR             : 11
INT                  : 17
LEER                 : 10
LLAVE_DER            : 1 29 30 31 31
LLAVE_IZQ            : 1 29 30 31 31
MAYOR                : 34
MAYOR_IGUAL          : 35
MENOR                : 32
MENOR_IGUAL          : 33
MIENTRAS             : 29
MULTIPLICACION       : 27
NUMERO               : 23
OR_COR               : 40
OR_LAR               : 41
PARENTESIS_DER       : 1 11 29 30 31
PARENTESIS_IZQ       : 1 11 29 30 31
PROGRAMA             : 1
PUNTO_Y_COMA         : 10 11 15 16 22 42
RESTA                : 26
SI                   : 30 31
SINO                 : 31
SUMA                 : 25
TERMINAR             : 42
TEXTO                : 12
error                : 

Nonterminals, with rules where they appear

Asignacion           : 5
Condicion            : 29 30 31 38 38 39 39 40 40 41 41
ContenidoImprimir    : 11 14 14
Declaracion          : 4
Expresion            : 16 22 25 25 26 26 27 27 28 28 32 32 33 33 34 34 35 35 36 36 37 37
Imprimir             : 6
Leer                 : 7
ListaIdentificadores : 15 21
Mientras             : 8
Programa             : 0
Sentencia            : 2 3
Sentencias           : 1 3 29 30 31 31
Si                   : 9
Terminar             : 1
Tipo                 : 15 16

Parsing method: LALR

state 0

    (0) S' -> . Programa
    (1) Programa -> . PROGRAMA IDENTIFICADOR PARENTESIS_IZQ PARENTESIS_DER LLAVE_IZQ Sentencias Terminar LLAVE_DER

    PROGRAMA        shift and go to state 2

    Programa                       shift and go to state 1

state 1

    (0) S' -> Programa .



state 2

    (1) Programa -> PROGRAMA . IDENTIFICADOR PARENTESIS_IZQ PARENTESIS_DER LLAVE_IZQ Sentencias Terminar LLAVE_DER

    IDENTIFICADOR   shift and go to state 3


state 3

    (1) Programa -> PROGRAMA IDENTIFICADOR . PARENTESIS_IZQ PARENTESIS_DER LLAVE_IZQ Sentencias Terminar LLAVE_DER

    PARENTESIS_IZQ  shift and go to state 4


state 4

    (1) Programa -> PROGRAMA IDENTIFICADOR PARENTESIS_IZQ . PARENTESIS_DER LLAVE_IZQ Sentencias Terminar LLAVE_DER

    PARENTESIS_DER  shift and go to state 5


state 5

    (1) Programa -> PROGRAMA IDENTIFICADOR PARENTESIS_IZQ PARENTESIS_DER . LLAVE_IZQ Sentencias Terminar LLAVE_DER

    LLAVE_IZQ       shift and go to state 6


state 6

    (1) Programa -> PROGRAMA IDENTIFICADOR PARENTESIS_IZQ PARENTESIS_DER LLAVE_IZQ . Sentencias Terminar LLAVE_DER
    (2) Sentencias -> . Sentencia
    (3) Sentencias -> . Sentencias Sentencia
    (4) Sentencia -> . Declaracion
    (5) Sentencia -> . Asignacion
    (6) Sentencia -> . Imprimir
    (7) Sentencia -> . Leer
    (8) Sentencia -> . Mientras
    (9) Sentencia -> . Si
    (15) Declaracion -> . Tipo ListaIdentificadores PUNTO_Y_COMA
    (16) Declaracion -> . Tipo IDENTIFICADOR IGUAL Expresion PUNTO_Y_COMA
    (22) Asignacion -> . IDENTIFICADOR IGUAL Expresion PUNTO_Y_COMA
    (11) Imprimir -> . IMPRIMIR PARENTESIS_IZQ ContenidoImprimir PARENTESIS_DER PUNTO_Y_COMA
    (10) Leer -> . LEER IDENTIFICADOR PUNTO_Y_COMA
    (29) Mientras -> . MIENTRAS PARENTESIS_IZQ Condicion PARENTESIS_DER LLAVE_IZQ Sentencias LLAVE_DER
    (30) Si -> . SI PARENTESIS_IZQ Condicion PARENTESIS_DER LLAVE_IZQ Sentencias LLAVE_DER
    (31) Si -> . SI PARENTESIS_IZQ Condicion PARENTESIS_DER LLAVE_IZQ Sentencias LLAVE_DER SINO LLAVE_IZQ Sentencias LLAVE_DER
    (17) Tipo -> . INT
    (18) Tipo -> . FLOAT
    (19) Tipo -> . CHAR

    IDENTIFICADOR   shift and go to state 7
    IMPRIMIR        shift and go to state 17
    LEER            shift and go to state 18
    MIENTRAS        shift and go to state 19
    SI              shift and go to state 20
    INT             shift and go to state 21
    FLOAT           shift and go to state 22
    CHAR            shift and go to state 23

    Sentencias                     shift and go to state 8
    Sentencia                      shift and go to state 9
    Declaracion                    shift and go to state 10
    Asignacion                     shift and go to state 11
    Imprimir                       shift and go to state 12
    Leer                           shift and go to state 13
    Mientras                       shift and go to state 14
    Si                             shift and go to state 15
    Tipo                           shift and go to state 16

state 7

    (22) Asignacion -> IDENTIFICADOR . IGUAL Expresion PUNTO_Y_COMA

    IGUAL           shift and go to state 24


state 8

    (1) Programa -> PROGRAMA IDENTIFICADOR PARENTESIS_IZQ PARENTESIS_DER LLAVE_IZQ Sentencias . Terminar LLAVE_DER
    (3) Sentencias -> Sentencias . Sentencia
    (42) Terminar -> . TERMINAR PUNTO_Y_COMA
    (4) Sentencia -> . Declaracion
    (5) Sentencia -> . Asignacion
    (6) Sentencia -> . Imprimir
    (7) Sentencia -> . Leer
    (8) Sentencia -> . Mientras
    (9) Sentencia -> . Si
    (15) Declaracion -> . Tipo ListaIdentificadores PUNTO_Y_COMA
    (16) Declaracion -> . Tipo IDENTIFICADOR IGUAL Expresion PUNTO_Y_COMA
    (22) Asignacion -> . IDENTIFICADOR IGUAL Expresion PUNTO_Y_COMA
    (11) Imprimir -> . IMPRIMIR PARENTESIS_IZQ ContenidoImprimir PARENTESIS_DER PUNTO_Y_COMA
    (10) Leer -> . LEER IDENTIFICADOR PUNTO_Y_COMA
    (29) Mientras -> . MIENTRAS PARENTESIS_IZQ Condicion PARENTESIS_DER LLAVE_IZQ Sentencias LLAVE_DER
    (30) Si -> . SI PARENTESIS_IZQ Condicion PARENTESIS_DER LLAVE_IZQ Sentencias LLAVE_DER
    (31) Si -> . SI PARENTESIS_IZQ Condicion PARENTESIS_DER LLAVE_IZQ Sentencias LLAVE_DER SINO LLAVE_IZQ Sentencias LLAVE_DER
    (17) Tipo -> . INT
    (18) Tipo -> . FLOAT
    (19) Tipo -> . CHAR

    TERMINAR        shift and go to state 27
    IDENTIFICADOR   shift and go to state 7
    IMPRIMIR        shift and go to state 17
    LEER            shift and go to state 18
    MIENTRAS        shift and go to state 19
    SI              shift and go to state 20
    INT             shift and go to state 21
    FLOAT           shift and go to state 22
    CHAR            shift and go to state 23

    Terminar                       shift and go to state 25
    Sentencia                      shift and go to state 26
    Declaracion                    shift and go to state 10
    Asignacion                     shift and go to state 11
    Imprimir                       shift and go to state 12
    Leer                           shift and go to state 13
    Mientras                       shift and go to state 14
    Si                             shift and go to state 15
    Tipo                           shift and go to state 16

state 9

    (2) Sentencias -> Sentencia .

    TERMINAR        reduce using rule 2 (Sentencias -> Sentencia .)
    IDENTIFICADOR   reduce using rule 2 (Sentencias -> Sentencia .)
    IMPRIMIR        reduce using rule 2 (Sentencias -> Sentencia .)
    LEER            reduce using rule 2 (Sentencias -> Sentencia .)
    MIENTRAS        reduce using rule 2 (Sentencias -> Sentencia .)
    SI              reduce using rule 2 (Sentencias -> Sentencia .)
    INT             reduce using rule 2 (Sentencias -> Sentencia .)
    FLOAT           reduce using rule 2 (Sentencias -> Sentencia .)
    CHAR            reduce using rule 2 (Sentencias -> Sentencia .)
    LLAVE_DER       reduce using rule 2 (Sentencias -> Sentencia .)


state 10

    (4) Sentencia -> Declaracion .

    TERMINAR        reduce using rule 4 (Sentencia -> Declaracion .)
    IDENTIFICADOR   reduce using rule 4 (Sentencia -> Declaracion .)
    IMPRIMIR        reduce using rule 4 (Sentencia -> Declaracion .)
    LEER            reduce using rule 4 (Sentencia -> Declaracion .)
    MIENTRAS        reduce using rule 4 (Sentencia -> Declaracion .)
    SI              reduce using rule 4 (Sentencia -> Declaracion .)
    INT             reduce using rule 4 (Sentencia -> Declaracion .)
    FLOAT           reduce using rule 4 (Sentencia -> Declaracion .)
    CHAR            reduce using rule 4 (Sentencia -> Declaracion .)
    LLAVE_DER       reduce using rule 4 (Sentencia -> Declaracion .)


state 11

    (5) Sentencia -> Asignacion .

    TERMINAR        reduce using rule 5 (Sentencia -> Asignacion .)
    IDENTIFICADOR   reduce using rule 5 (Sentencia -> Asignacion .)
    IMPRIMIR        reduce using rule 5 (Sentencia -> Asignacion .)
    LEER            reduce using rule 5 (Sentencia -> Asignacion .)
    MIENTRAS        reduce using rule 5 (Sentencia -> Asignacion .)
    SI              reduce using rule 5 (Sentencia -> Asignacion .)
    INT             reduce using rule 5 (Sentencia -> Asignacion .)
    FLOAT           reduce using rule 5 (Sentencia -> Asignacion .)
    CHAR            reduce using rule 5 (Sentencia -> Asignacion .)
    LLAVE_DER       reduce using rule 5 (Sentencia -> Asignacion .)


state 12

    (6) Sentencia -> Imprimir .

    TERMINAR        reduce using rule 6 (Sentencia -> Imprimir .)
    IDENTIFICADOR   reduce using rule 6 (Sentencia -> Imprimir .)
    IMPRIMIR        reduce using rule 6 (Sentencia -> Imprimir .)
    LEER            reduce using rule 6 (Sentencia -> Imprimir .)
    MIENTRAS        reduce using rule 6 (Sentencia -> Imprimir .)
    SI              reduce using rule 6 (Sentencia -> Imprimir .)
    INT             reduce using rule 6 (Sentencia -> Imprimir .)
    FLOAT           reduce using rule 6 (Sentencia -> Imprimir .)
    CHAR            reduce using rule 6 (Sentencia -> Imprimir .)
    LLAVE_DER       reduce using rule 6 (Sentencia -> Imprimir .)


state 13

    (7) Sentencia -> Leer .

    TERMINAR        reduce using rule 7 (Sentencia -> Leer .)
    IDENTIFICADOR   reduce using rule 7 (Sentencia -> Leer .)
    IMPRIMIR        reduce using rule 7 (Sentencia -> Leer .)
    LEER            reduce using rule 7 (Sentencia -> Leer .)
    MIENTRAS        reduce using rule 7 (Sentencia -> Leer .)
    SI              reduce using rule 7 (Sentencia -> Leer .)
    INT             reduce using rule 7 (Sentencia -> Leer .)
    FLOAT           reduce using rule 7 (Sentencia -> Leer .)
    CHAR            reduce using rule 7 (Sentencia -> Leer .)
    LLAVE_DER       reduce using rule 7 (Sentencia -> Leer .)


state 14

    (8) Sentencia -> Mientras .

    TERMINAR        reduce using rule 8 (Sentencia -> Mientras .)
    IDENTIFICADOR   reduce using rule 8 (Sentencia -> Mientras .)
    IMPRIMIR        reduce using rule 8 (Sentencia -> Mientras .)
    LEER            reduce using rule 8 (Sentencia -> Mientras .)
    MIENTRAS        reduce using rule 8 (Sentencia -> Mientras .)
    SI              reduce using rule 8 (Sentencia -> Mientras .)
    INT             reduce using rule 8 (Sentencia -> Mientras .)
    FLOAT           reduce using rule 8 (Sentencia -> Mientras .)
    CHAR            reduce using rule 8 (Sentencia -> Mientras .)
    LLAVE_DER       reduce using rule 8 (Sentencia -> Mientras .)


state 15

    (9) Sentencia -> Si .

    TERMINAR        reduce using rule 9 (Sentencia -> Si .)
    IDENTIFICADOR   reduce using rule 9 (Sentencia -> Si .)
    IMPRIMIR        reduce using rule 9 (Sentencia -> Si .)
    LEER            reduce using rule 9 (Sentencia -> Si .)
    MIENTRAS        reduce using rule 9 (Sentencia -> Si .)
    SI              reduce using rule 9 (Sentencia -> Si .)
    INT             reduce using rule 9 (Sentencia -> Si .)
    FLOAT           reduce using rule 9 (Sentencia -> Si .)
    CHAR            reduce using rule 9 (Sentencia -> Si .)
    LLAVE_DER       reduce using rule 9 (Sentencia -> Si .)


state 16

    (15) Declaracion -> Tipo . ListaIdentificadores PUNTO_Y_COMA
    (16) Declaracion -> Tipo . IDENTIFICADOR IGUAL Expresion PUNTO_Y_COMA
    (20) ListaIdentificadores -> . IDENTIFICADOR
    (21) ListaIdentificadores -> . ListaIdentificadores COMA IDENTIFICADOR

    IDENTIFICADOR   shift and go to state 29

    ListaIdentificadores           shift and go to state 28

state 17

    (11) Imprimir -> IMPRIMIR . PARENTESIS_IZQ ContenidoImprimir PARENTESIS_DER PUNTO_Y_COMA

    PARENTESIS_IZQ  shift and go to state 30


state 18

    (10) Leer -> LEER . IDENTIFICADOR PUNTO_Y_COMA

    IDENTIFICADOR   shift and go to state 31


state 19

    (29) Mientras -> MIENTRAS . PARENTESIS_IZQ Condicion PARENTESIS_DER LLAVE_IZQ Sentencias LLAVE_DER

    PARENTESIS_IZQ  shift and go to state 32


state 20

    (30) Si -> SI . PARENTESIS_IZQ Condicion PARENTESIS_DER LLAVE_IZQ Sentencias LLAVE_DER
    (31) Si -> SI . PARENTESIS_IZQ Condicion PARENTESIS_DER LLAVE_IZQ Sentencias LLAVE_DER SINO LLAVE_IZQ Sentencias LLAVE_DER

    PARENTESIS_IZQ  shift and go to state 33


state 21

    (17) Tipo -> INT .

    IDENTIFICADOR   reduce using rule 17 (Tipo -> INT .)


state 22

    (18) Tipo -> FLOAT .

    IDENTIFICADOR   reduce using rule 18 (Tipo -> FLOAT .)


state 23

    (19) Tipo -> CHAR .

    IDENTIFICADOR   reduce using rule 19 (Tipo -> CHAR .)


state 24

    (22) Asignacion -> IDENTIFICADOR IGUAL . Expresion PUNTO_Y_COMA
    (23) Expresion -> . NUMERO
    (24) Expresion -> . IDENTIFICADOR
    (25) Expresion -> . Expresion SUMA Expresion
    (26) Expresion -> . Expresion RESTA Expresion
    (27) Expresion -> . Expresion MULTIPLICACION Expresion
    (28) Expresion -> . Expresion DIVISION Expresion

    NUMERO          shift and go to state 36
    IDENTIFICADOR   shift and go to state 34

    Expresion                      shift and go to state 35

state 25

    (1) Programa -> PROGRAMA IDENTIFICADOR PARENTESIS_IZQ PARENTESIS_DER LLAVE_IZQ Sentencias Terminar . LLAVE_DER

    LLAVE_DER       shift and go to state 37


state 26

    (3) Sentencias -> Sentencias Sentencia .

    TERMINAR        reduce using rule 3 (Sentencias -> Sentencias Sentencia .)
    IDENTIFICADOR   reduce using rule 3 (Sentencias -> Sentencias Sentencia .)
    IMPRIMIR        reduce using rule 3 (Sentencias -> Sentencias Sentencia .)
    LEER            reduce using rule 3 (Sentencias -> Sentencias Sentencia .)
    MIENTRAS        reduce using rule 3 (Sentencias -> Sentencias Sentencia .)
    SI              reduce using rule 3 (Sentencias -> Sentencias Sentencia .)
    INT             reduce using rule 3 (Sentencias -> Sentencias Sentencia .)
    FLOAT           reduce using rule 3 (Sentencias -> Sentencias Sentencia .)
    CHAR            reduce using rule 3 (Sentencias -> Sentencias Sentencia .)
    LLAVE_DER       reduce using rule 3 (Sentencias -> Sentencias Sentencia .)


state 27

    (42) Terminar -> TERMINAR . PUNTO_Y_COMA

    PUNTO_Y_COMA    shift and go to state 38


state 28

    (15) Declaracion -> Tipo ListaIdentificadores . PUNTO_Y_COMA
    (21) ListaIdentificadores -> ListaIdentificadores . COMA IDENTIFICADOR

    PUNTO_Y_COMA    shift and go to state 39
    COMA            shift and go to state 40


state 29

    (16) Declaracion -> Tipo IDENTIFICADOR . IGUAL Expresion PUNTO_Y_COMA
    (20) ListaIdentificadores -> IDENTIFICADOR .

    IGUAL           shift and go to state 41
    PUNTO_Y_COMA    reduce using rule 20 (ListaIdentificadores -> IDENTIFICADOR .)
    COMA            reduce using rule 20 (ListaIdentificadores -> IDENTIFICADOR .)


state 30

    (11) Imprimir -> IMPRIMIR PARENTESIS_IZQ . ContenidoImprimir PARENTESIS_DER PUNTO_Y_COMA
    (12) ContenidoImprimir -> . TEXTO
    (13) ContenidoImprimir -> . IDENTIFICADOR
    (14) ContenidoImprimir -> . ContenidoImprimir COMA ContenidoImprimir

    TEXTO           shift and go to state 43
    IDENTIFICADOR   shift and go to state 44

    ContenidoImprimir              shift and go to state 42

state 31

    (10) Leer -> LEER IDENTIFICADOR . PUNTO_Y_COMA

    PUNTO_Y_COMA    shift and go to state 45


state 32

    (29) Mientras -> MIENTRAS PARENTESIS_IZQ . Condicion PARENTESIS_DER LLAVE_IZQ Sentencias LLAVE_DER
    (32) Condicion -> . Expresion MENOR Expresion
    (33) Condicion -> . Expresion MENOR_IGUAL Expresion
    (34) Condicion -> . Expresion MAYOR Expresion
    (35) Condicion -> . Expresion MAYOR_IGUAL Expresion
    (36) Condicion -> . Expresion IGUAL_IGUAL Expresion
    (37) Condicion -> . Expresion DISTINTO Expresion
    (38) Condicion -> . Condicion AND_COR Condicion
    (39) Condicion -> . Condicion AND_LAR Condicion
    (40) Condicion -> . Condicion OR_COR Condicion
    (41) Condicion -> . Condicion OR_LAR Condicion
    (23) Expresion -> . NUMERO
    (24) Expresion -> . IDENTIFICADOR
    (25) Expresion -> . Expresion SUMA Expresion
    (26) Expresion -> . Expresion RESTA Expresion
    (27) Expresion -> . Expresion MULTIPLICACION Expresion
    (28) Expresion -> . Expresion DIVISION Expresion

    NUMERO          shift and go to state 36
    IDENTIFICADOR   shift and go to state 34

    Condicion                      shift and go to state 46
    Expresion                      shift and go to state 47

state 33

    (30) Si -> SI PARENTESIS_IZQ . Condicion PARENTESIS_DER LLAVE_IZQ Sentencias LLAVE_DER
    (31) Si -> SI PARENTESIS_IZQ . Condicion PARENTESIS_DER LLAVE_IZQ Sentencias LLAVE_DER SINO LLAVE_IZQ Sentencias LLAVE_DER
    (32) Condicion -> . Expresion MENOR Expresion
    (33) Condicion -> . Expresion MENOR_IGUAL Expresion
    (34) Condicion -> . Expresion MAYOR Expresion
    (35) Condicion -> . Expresion MAYOR_IGUAL Expresion
    (36) Condicion -> . Expresion IGUAL_IGUAL Expresion
    (37) Condicion -> . Expresion DISTINTO Expresion
    (38) Condicion -> . Condicion AND_COR Condicion
    (39) Condicion -> . Condicion AND_LAR Condicion
    (40) Condicion -> . Condicion OR_COR Condicion
    (41) Condicion -> . Condicion OR_LAR Condicion
    (23) Expresion -> . NUMERO
    (24) Expresion -> . IDENTIFICADOR
    (25) Expresion -> . Expresion SUMA Expresion
    (26) Expresion -> . Expresion RESTA Expresion
    (27) Expresion -> . Expresion MULTIPLICACION Expresion
    (28) Expresion -> . Expresion DIVISION Expresion

    NUMERO          shift and go to state 36
    IDENTIFICADOR   shift and go to state 34

    Condicion                      shift and go to state 48
    Expresion                      shift and go to state 47

state 34

    (24) Expresion -> IDENTIFICADOR .

    PUNTO_Y_COMA    reduce using rule 24 (Expresion -> IDENTIFICADOR .)
    SUMA            reduce using rule 24 (Expresion -> IDENTIFICADOR .)
    RESTA           reduce using rule 24 (Expresion -> IDENTIFICADOR .)
    MULTIPLICACION  reduce using rule 24 (Expresion -> IDENTIFICADOR .)
    DIVISION        reduce using rule 24 (Expresion -> IDENTIFICADOR .)
    MENOR           reduce using rule 24 (Expresion -> IDENTIFICADOR .)
    MENOR_IGUAL     reduce using rule 24 (Expresion -> IDENTIFICADOR .)
    MAYOR           reduce using rule 24 (Expresion -> IDENTIFICADOR .)
    MAYOR_IGUAL     reduce using rule 24 (Expresion -> IDENTIFICADOR .)
    IGUAL_IGUAL     reduce using rule 24 (Expresion -> IDENTIFICADOR .)
    DISTINTO        reduce using rule 24 (Expresion -> IDENTIFICADOR .)
    PARENTESIS_DER  reduce using rule 24 (Expresion -> IDENTIFICADOR .)
    AND_COR         reduce using rule 24 (Expresion -> IDENTIFICADOR .)
    AND_LAR         reduce using rule 24 (Expresion -> IDENTIFICADOR .)
    OR_COR          reduce using rule 24 (Expresion -> IDENTIFICADOR .)
    OR_LAR          reduce using rule 24 (Expresion -> IDENTIFICADOR .)


state 35

    (22) Asignacion -> IDENTIFICADOR IGUAL Expresion . PUNTO_Y_COMA
    (25) Expresion -> Expresion . SUMA Expresion
    (26) Expresion -> Expresion . RESTA Expresion
    (27) Expresion -> Expresion . MULTIPLICACION Expresion
    (28) Expresion -> Expresion . DIVISION Expresion

    PUNTO_Y_COMA    shift and go to state 49
    SUMA            shift and go to state 50
    RESTA           shift and go to state 51
    MULTIPLICACION  shift and go to state 52
    DIVISION        shift and go to state 53


state 36

    (23) Expresion -> NUMERO .

    PUNTO_Y_COMA    reduce using rule 23 (Expresion -> NUMERO .)
    SUMA            reduce using rule 23 (Expresion -> NUMERO .)
    RESTA           reduce using rule 23 (Expresion -> NUMERO .)
    MULTIPLICACION  reduce using rule 23 (Expresion -> NUMERO .)
    DIVISION        reduce using rule 23 (Expresion -> NUMERO .)
    MENOR           reduce using rule 23 (Expresion -> NUMERO .)
    MENOR_IGUAL     reduce using rule 23 (Expresion -> NUMERO .)
    MAYOR           reduce using rule 23 (Expresion -> NUMERO .)
    MAYOR_IGUAL     reduce using rule 23 (Expresion -> NUMERO .)
    IGUAL_IGUAL     reduce using rule 23 (Expresion -> NUMERO .)
    DISTINTO        reduce using rule 23 (Expresion -> NUMERO .)
    PARENTESIS_DER  reduce using rule 23 (Expresion -> NUMERO .)
    AND_COR         reduce using rule 23 (Expresion -> NUMERO .)
    AND_LAR         reduce using rule 23 (Expresion -> NUMERO .)
    OR_COR          reduce using rule 23 (Expresion -> NUMERO .)
    OR_LAR          reduce using rule 23 (Expresion -> NUMERO .)


state 37

    (1) Programa -> PROGRAMA IDENTIFICADOR PARENTESIS_IZQ PARENTESIS_DER LLAVE_IZQ Sentencias Terminar LLAVE_DER .

    $end            reduce using rule 1 (Programa -> PROGRAMA IDENTIFICADOR PARENTESIS_IZQ PARENTESIS_DER LLAVE_IZQ Sentencias Terminar LLAVE_DER .)


state 38

    (42) Terminar -> TERMINAR PUNTO_Y_COMA .

    LLAVE_DER       reduce using rule 42 (Terminar -> TERMINAR PUNTO_Y_COMA .)


state 39

    (15) Declaracion -> Tipo ListaIdentificadores PUNTO_Y_COMA .

    TERMINAR        reduce using rule 15 (Declaracion -> Tipo ListaIdentificadores PUNTO_Y_COMA .)
    IDENTIFICADOR   reduce using rule 15 (Declaracion -> Tipo ListaIdentificadores PUNTO_Y_COMA .)
    IMPRIMIR        reduce using rule 15 (Declaracion -> Tipo ListaIdentificadores PUNTO_Y_COMA .)
    LEER            reduce using rule 15 (Declaracion -> Tipo ListaIdentificadores PUNTO_Y_COMA .)
    MIENTRAS        reduce using rule 15 (Declaracion -> Tipo ListaIdentificadores PUNTO_Y_COMA .)
    SI              reduce using rule 15 (Declaracion -> Tipo ListaIdentificadores PUNTO_Y_COMA .)
    INT             reduce using rule 15 (Declaracion -> Tipo ListaIdentificadores PUNTO_Y_COMA .)
    FLOAT           reduce using rule 15 (Declaracion -> Tipo ListaIdentificadores PUNTO_Y_COMA .)
    CHAR            reduce using rule 15 (Declaracion -> Tipo ListaIdentificadores PUNTO_Y_COMA .)
    LLAVE_DER       reduce using rule 15 (Declaracion -> Tipo ListaIdentificadores PUNTO_Y_COMA .)


state 40

    (21) ListaIdentificadores -> ListaIdentificadores COMA . IDENTIFICADOR

    IDENTIFICADOR   shift and go to state 54


state 41

    (16) Declaracion -> Tipo IDENTIFICADOR IGUAL . Expresion PUNTO_Y_COMA
    (23) Expresion -> . NUMERO
    (24) Expresion -> . IDENTIFICADOR
    (25) Expresion -> . Expresion SUMA Expresion
    (26) Expresion -> . Expresion RESTA Expresion
    (27) Expresion -> . Expresion MULTIPLICACION Expresion
    (28) Expresion -> . Expresion DIVISION Expresion

    NUMERO          shift and go to state 36
    IDENTIFICADOR   shift and go to state 34

    Expresion                      shift and go to state 55

state 42

    (11) Imprimir -> IMPRIMIR PARENTESIS_IZQ ContenidoImprimir . PARENTESIS_DER PUNTO_Y_COMA
    (14) ContenidoImprimir -> ContenidoImprimir . COMA ContenidoImprimir

    PARENTESIS_DER  shift and go to state 56
    COMA            shift and go to state 57


state 43

    (12) ContenidoImprimir -> TEXTO .

    PARENTESIS_DER  reduce using rule 12 (ContenidoImprimir -> TEXTO .)
    COMA            reduce using rule 12 (ContenidoImprimir -> TEXTO .)


state 44

    (13) ContenidoImprimir -> IDENTIFICADOR .

    PARENTESIS_DER  reduce using rule 13 (ContenidoImprimir -> IDENTIFICADOR .)
    COMA            reduce using rule 13 (ContenidoImprimir -> IDENTIFICADOR .)


state 45

    (10) Leer -> LEER IDENTIFICADOR PUNTO_Y_COMA .

    TERMINAR        reduce using rule 10 (Leer -> LEER IDENTIFICADOR PUNTO_Y_COMA .)
    IDENTIFICADOR   reduce using rule 10 (Leer -> LEER IDENTIFICADOR PUNTO_Y_COMA .)
    IMPRIMIR        reduce using rule 10 (Leer -> LEER IDENTIFICADOR PUNTO_Y_COMA .)
    LEER            reduce using rule 10 (Leer -> LEER IDENTIFICADOR PUNTO_Y_COMA .)
    MIENTRAS        reduce using rule 10 (Leer -> LEER IDENTIFICADOR PUNTO_Y_COMA .)
    SI              reduce using rule 10 (Leer -> LEER IDENTIFICADOR PUNTO_Y_COMA .)
    INT             reduce using rule 10 (Leer -> LEER IDENTIFICADOR PUNTO_Y_COMA .)
    FLOAT           reduce using rule 10 (Leer -> LEER IDENTIFICADOR PUNTO_Y_COMA .)
    CHAR            reduce using rule 10 (Leer -> LEER IDENTIFICADOR PUNTO_Y_COMA .)
    LLAVE_DER       reduce using rule 10 (Leer -> LEER IDENTIFICADOR PUNTO_Y_COMA .)


state 46

    (29) Mientras -> MIENTRAS PARENTESIS_IZQ Condicion . PARENTESIS_DER LLAVE_IZQ Sentencias LLAVE_DER
    (38) Condicion -> Condicion . AND_COR Condicion
    (39) Condicion -> Condicion . AND_LAR Condicion
    (40) Condicion -> Condicion . OR_COR Condicion
    (41) Condicion -> Condicion . OR_LAR Condicion

    PARENTESIS_DER  shift and go to state 58
    AND_COR         shift and go to state 59
    AND_LAR         shift and go to state 60
    OR_COR          shift and go to state 61
    OR_LAR          shift and go to state 62


state 47

    (32) Condicion -> Expresion . MENOR Expresion
    (33) Condicion -> Expresion . MENOR_IGUAL Expresion
    (34) Condicion -> Expresion . MAYOR Expresion
    (35) Condicion -> Expresion . MAYOR_IGUAL Expresion
    (36) Condicion -> Expresion . IGUAL_IGUAL Expresion
    (37) Condicion -> Expresion . DISTINTO Expresion
    (25) Expresion -> Expresion . SUMA Expresion
    (26) Expresion -> Expresion . RESTA Expresion
    (27) Expresion -> Expresion . MULTIPLICACION Expresion
    (28) Expresion -> Expresion . DIVISION Expresion

    MENOR           shift and go to state 63
    MENOR_IGUAL     shift and go to state 64
    MAYOR           shift and go to state 65
    MAYOR_IGUAL     shift and go to state 66
    IGUAL_IGUAL     shift and go to state 67
    DISTINTO        shift and go to state 68
    SUMA            shift and go to state 50
    RESTA           shift and go to state 51
    MULTIPLICACION  shift and go to state 52
    DIVISION        shift and go to state 53


state 48

    (30) Si -> SI PARENTESIS_IZQ Condicion . PARENTESIS_DER LLAVE_IZQ Sentencias LLAVE_DER
    (31) Si -> SI PARENTESIS_IZQ Condicion . PARENTESIS_DER LLAVE_IZQ Sentencias LLAVE_DER SINO LLAVE_IZQ Sentencias LLAVE_DER
    (38) Condicion -> Condicion . AND_COR Condicion
    (39) Condicion -> Condicion . AND_LAR Condicion
    (40) Condicion -> Condicion . OR_COR Condicion
    (41) Condicion -> Condicion . OR_LAR Condicion

    PARENTESIS_DER  shift and go to state 69
    AND_COR         shift and go to state 59
    AND_LAR         shift and go to state 60
    OR_COR          shift and go to state 61
    OR_LAR          shift and go to state 62


state 49

    (22) Asignacion -> IDENTIFICADOR IGUAL Expresion PUNTO_Y_COMA .

    TERMINAR        reduce using rule 22 (Asignacion -> IDENTIFICADOR IGUAL Expresion PUNTO_Y_COMA .)
    IDENTIFICADOR   reduce using rule 22 (Asignacion -> IDENTIFICADOR IGUAL Expresion PUNTO_Y_COMA .)
    IMPRIMIR        reduce using rule 22 (Asignacion -> IDENTIFICADOR IGUAL Expresion PUNTO_Y_COMA .)
    LEER            reduce using rule 22 (Asignacion -> IDENTIFICADOR IGUAL Expresion PUNTO_Y_COMA .)
    MIENTRAS        reduce using rule 22 (Asignacion -> IDENTIFICADOR IGUAL Expresion PUNTO_Y_COMA .)
    SI              reduce using rule 22 (Asignacion -> IDENTIFICADOR IGUAL Expresion PUNTO_Y_COMA .)
    INT             reduce using rule 22 (Asignacion -> IDENTIFICADOR IGUAL Expresion PUNTO_Y_COMA .)
    FLOAT           reduce using rule 22 (Asignacion -> IDENTIFICADOR IGUAL Expresion PUNTO_Y_COMA .)
    CHAR            reduce using rule 22 (Asignacion -> IDENTIFICADOR IGUAL Expresion PUNTO_Y_COMA .)
    LLAVE_DER       reduce using rule 22 (Asignacion -> IDENTIFICADOR IGUAL Expresion PUNTO_Y_COMA .)


state 50

    (25) Expresion -> Expresion SUMA . Expresion
    (23) Expresion -> . NUMERO
    (24) Expresion -> . IDENTIFICADOR
    (25) Expresion -> . Expresion SUMA Expresion
    (26) Expresion -> . Expresion RESTA Expresion
    (27) Expresion -> . Expresion MULTIPLICACION Expresion
    (28) Expresion -> . Expresion DIVISION Expresion

    NUMERO          shift and go to state 36
    IDENTIFICADOR   shift and go to state 34

    Expresion                      shift and go to state 70

state 51

    (26) Expresion -> Expresion RESTA . Expresion
    (23) Expresion -> . NUMERO
    (24) Expresion -> . IDENTIFICADOR
    (25) Expresion -> . Expresion SUMA Expresion
    (26) Expresion -> . Expresion RESTA Expresion
    (27) Expresion -> . Expresion MULTIPLICACION Expresion
    (28) Expresion -> . Expresion DIVISION Expresion

    NUMERO          shift and go to state 36
    IDENTIFICADOR   shift and go to state 34

    Expresion                      shift and go to state 71

state 52

    (27) Expresion -> Expresion MULTIPLICACION . Expresion
    (23) Expresion -> . NUMERO
    (24) Expresion -> . IDENTIFICADOR
    (25) Expresion -> . Expresion SUMA Expresion
    (26) Expresion -> . Expresion RESTA Expresion
    (27) Expresion -> . Expresion MULTIPLICACION Expresion
    (28) Expresion -> . Expresion DIVISION Expresion

    NUMERO          shift and go to state 36
    IDENTIFICADOR   shift and go to state 34

    Expresion                      shift and go to state 72

state 53

    (28) Expresion -> Expresion DIVISION . Expresion
    (23) Expresion -> . NUMERO
    (24) Expresion -> . IDENTIFICADOR
    (25) Expresion -> . Expresion SUMA Expresion
    (26) Expresion -> . Expresion RESTA Expresion
    (27) Expresion -> . Expresion MULTIPLICACION Expresion
    (28) Expresion -> . Expresion DIVISION Expresion

    NUMERO          shift and go to state 36
    IDENTIFICADOR   shift and go to state 34

    Expresion                      shift and go to state 73

state 54

    (21) ListaIdentificadores -> ListaIdentificadores COMA IDENTIFICADOR .

    PUNTO_Y_COMA    reduce using rule 21 (ListaIdentificadores -> ListaIdentificadores COMA IDENTIFICADOR .)
    COMA            reduce using rule 21 (ListaIdentificadores -> ListaIdentificadores COMA IDENTIFICADOR .)


state 55

    (16) Declaracion -> Tipo IDENTIFICADOR IGUAL Expresion . PUNTO_Y_COMA
    (25) Expresion -> Expresion . SUMA Expresion
    (26) Expresion -> Expresion . RESTA Expresion
    (27) Expresion -> Expresion . MULTIPLICACION Expresion
    (28) Expresion -> Expresion . DIVISION Expresion

    PUNTO_Y_COMA    shift and go to state 74
    SUMA            shift and go to state 50
    RESTA           shift and go to state 51
    MULTIPLICACION  shift and go to state 52
    DIVISION        shift and go to state 53


state 56

    (11) Imprimir -> IMPRIMIR PARENTESIS_IZQ ContenidoImprimir PARENTESIS_DER . PUNTO_Y_COMA

    PUNTO_Y_COMA    shift and go to state 75


state 57

    (14) ContenidoImprimir -> ContenidoImprimir COMA . ContenidoImprimir
    (12) ContenidoImprimir -> . TEXTO
    (13) ContenidoImprimir -> . IDENTIFICADOR
    (14) ContenidoImprimir -> . ContenidoImprimir COMA ContenidoImprimir

    TEXTO           shift and go to state 43
    IDENTIFICADOR   shift and go to state 44

    ContenidoImprimir              shift and go to state 76

state 58

    (29) Mientras -> MIENTRAS PARENTESIS_IZQ Condicion PARENTESIS_DER . LLAVE_IZQ Sentencias LLAVE_DER

    LLAVE_IZQ       shift and go to state 77


state 59

    (38) Condicion -> Condicion AND_COR . Condicion
    (32) Condicion -> . Expresion MENOR Expresion
    (33) Condicion -> . Expresion MENOR_IGUAL Expresion
    (34) Condicion -> . Expresion MAYOR Expresion
    (35) Condicion -> . Expresion MAYOR_IGUAL Expresion
    (36) Condicion -> . Expresion IGUAL_IGUAL Expresion
    (37) Condicion -> . Expresion DISTINTO Expresion
    (38) Condicion -> . Condicion AND_COR Condicion
    (39) Condicion -> . Condicion AND_LAR Condicion
    (40) Condicion -> . Condicion OR_COR Condicion
    (41) Condicion -> . Condicion OR_LAR Condicion
    (23) Expresion -> . NUMERO
    (24) Expresion -> . IDENTIFICADOR
    (25) Expresion -> . Expresion SUMA Expresion
    (26) Expresion -> . Expresion RESTA Expresion
    (27) Expresion -> . Expresion MULTIPLICACION Expresion
    (28) Expresion -> . Expresion DIVISION Expresion

    NUMERO          shift and go to state 36
    IDENTIFICADOR   shift and go to state 34

    Condicion                      shift and go to state 78
    Expresion                      shift and go to state 47

state 60

    (39) Condicion -> Condicion AND_LAR . Condicion
    (32) Condicion -> . Expresion MENOR Expresion
    (33) Condicion -> . Expresion MENOR_IGUAL Expresion
    (34) Condicion -> . Expresion MAYOR Expresion
    (35) Condicion -> . Expresion MAYOR_IGUAL Expresion
    (36) Condicion -> . Expresion IGUAL_IGUAL Expresion
    (37) Condicion -> . Expresion DISTINTO Expresion
    (38) Condicion -> . Condicion AND_COR Condicion
    (39) Condicion -> . Condicion AND_LAR Condicion
    (40) Condicion -> . Condicion OR_COR Condicion
    (41) Condicion -> . Condicion OR_LAR Condicion
    (23) Expresion -> . NUMERO
    (24) Expresion -> . IDENTIFICADOR
    (25) Expresion -> . Expresion SUMA Expresion
    (26) Expresion -> . Expresion RESTA Expresion
    (27) Expresion -> . Expresion MULTIPLICACION Expresion
    (28) Expresion -> . Expresion DIVISION Expresion

    NUMERO          shift and go to state 36
    IDENTIFICADOR   shift and go to state 34

    Condicion                      shift and go to state 79
    Expresion                      shift and go to state 47

state 61

    (40) Condicion -> Condicion OR_COR . Condicion
    (32) Condicion -> . Expresion MENOR Expresion
    (33) Condicion -> . Expresion MENOR_IGUAL Expresion
    (34) Condicion -> . Expresion MAYOR Expresion
    (35) Condicion -> . Expresion MAYOR_IGUAL Expresion
    (36) Condicion -> . Expresion IGUAL_IGUAL Expresion
    (37) Condicion -> . Expresion DISTINTO Expresion
    (38) Condicion -> . Condicion AND_COR Condicion
    (39) Condicion -> . Condicion AND_LAR Condicion
    (40) Condicion -> . Condicion OR_COR Condicion
    (41) Condicion -> . Condicion OR_LAR Condicion
    (23) Expresion -> . NUMERO
    (24) Expresion -> . IDENTIFICADOR
    (25) Expresion -> . Expresion SUMA Expresion
    (26) Expresion -> . Expresion RESTA Expresion
    (27) Expresion -> . Expresion MULTIPLICACION Expresion
    (28) Expresion -> . Expresion DIVISION Expresion

    NUMERO          shift and go to state 36
    IDENTIFICADOR   shift and go to state 34

    Condicion                      shift and go to state 80
    Expresion                      shift and go to state 47

state 62

    (41) Condicion -> Condicion OR_LAR . Condicion
    (32) Condicion -> . Expresion MENOR Expresion
    (33) Condicion -> . Expresion MENOR_IGUAL Expresion
    (34) Condicion -> . Expresion MAYOR Expresion
    (35) Condicion -> . Expresion MAYOR_IGUAL Expresion
    (36) Condicion -> . Expresion IGUAL_IGUAL Expresion
    (37) Condicion -> . Expresion DISTINTO Expresion
    (38) Condicion -> . Condicion AND_COR Condicion
    (39) Condicion -> . Condicion AND_LAR Condicion
    (40) Condicion -> . Condicion OR_COR Condicion
    (41) Condicion -> . Condicion OR_LAR Condicion
    (23) Expresion -> . NUMERO
    (24) Expresion -> . IDENTIFICADOR
    (25) Expresion -> . Expresion SUMA Expresion
    (26) Expresion -> . Expresion RESTA Expresion
    (27) Expresion -> . Expresion MULTIPLICACION Expresion
    (28) Expresion -> . Expresion DIVISION Expresion

    NUMERO          shift and go to state 36
    IDENTIFICADOR   shift and go to state 34

    Condicion                      shift and go to state 81
    Expresion                      shift and go to state 47

state 63

    (32) Condicion -> Expresion MENOR . Expresion
    (23) Expresion -> . NUMERO
    (24) Expresion -> . IDENTIFICADOR
    (25) Expresion -> . Expresion SUMA Expresion
    (26) Expresion -> . Expresion RESTA Expresion
    (27) Expresion -> . Expresion MULTIPLICACION Expresion
    (28) Expresion -> . Expresion DIVISION Expresion

    NUMERO          shift and go to state 36
    IDENTIFICADOR   shift and go to state 34

    Expresion                      shift and go to state 82

state 64

    (33) Condicion -> Expresion MENOR_IGUAL . Expresion
    (23) Expresion -> . NUMERO
    (24) Expresion -> . IDENTIFICADOR
    (25) Expresion -> . Expresion SUMA Expresion
    (26) Expresion -> . Expresion RESTA Expresion
    (27) Expresion -> . Expresion MULTIPLICACION Expresion
    (28) Expresion -> . Expresion DIVISION Expresion

    NUMERO          shift and go to state 36
    IDENTIFICADOR   shift and go to state 34

    Expresion                      shift and go to state 83

state 65

    (34) Condicion -> Expresion MAYOR . Expresion
    (23) Expresion -> . NUMERO
    (24) Expresion -> . IDENTIFICADOR
    (25) Expresion -> . Expresion SUMA Expresion
    (26) Expresion -> . Expresion RESTA Expresion
    (27) Expresion -> . Expresion MULTIPLICACION Expresion
    (28) Expresion -> . Expresion DIVISION Expresion

    NUMERO          shift and go to state 36
    IDENTIFICADOR   shift and go to state 34

    Expresion                      shift and go to state 84

state 66

    (35) Condicion -> Expresion MAYOR_IGUAL . Expresion
    (23) Expresion -> . NUMERO
    (24) Expresion -> . IDENTIFICADOR
    (25) Expresion -> . Expresion SUMA Expresion
    (26) Expresion -> . Expresion RESTA Expresion
    (27) Expresion -> . Expresion MULTIPLICACION Expresion
    (28) Expresion -> . Expresion DIVISION Expresion

    NUMERO          shift and go to state 36
    IDENTIFICADOR   shift and go to state 34

    Expresion                      shift and go to state 85

state 67

    (36) Condicion -> Expresion IGUAL_IGUAL . Expresion
    (23) Expresion -> . NUMERO
    (24) Expresion -> . IDENTIFICADOR
    (25) Expresion -> . Expresion SUMA Expresion
    (26) Expresion -> . Expresion RESTA Expresion
    (27) Expresion -> . Expresion MULTIPLICACION Expresion
    (28) Expresion -> . Expresion DIVISION Expresion

    NUMERO          shift and go to state 36
    IDENTIFICADOR   shift and go to state 34

    Expresion                      shift and go to state 86

state 68

    (37) Condicion -> Expresion DISTINTO . Expresion
    (23) Expresion -> . NUMERO
    (24) Expresion -> . IDENTIFICADOR
    (25) Expresion -> . Expresion SUMA Expresion
    (26) Expresion -> . Expresion RESTA Expresion
    (27) Expresion -> . Expresion MULTIPLICACION Expresion
    (28) Expresion -> . Expresion DIVISION Expresion

    NUMERO          shift and go to state 36
    IDENTIFICADOR   shift and go to state 34

    Expresion                      shift and go to state 87

state 69

    (30) Si -> SI PARENTESIS_IZQ Condicion PARENTESIS_DER . LLAVE_IZQ Sentencias LLAVE_DER
    (31) Si -> SI PARENTESIS_IZQ Condicion PARENTESIS_DER . LLAVE_IZQ Sentencias LLAVE_DER SINO LLAVE_IZQ Sentencias LLAVE_DER

    LLAVE_IZQ       shift and go to state 88


state 70

    (25) Expresion -> Expresion SUMA Expresion .
    (25) Expresion -> Expresion . SUMA Expresion
    (26) Expresion -> Expresion . RESTA Expresion
    (27) Expresion -> Expresion . MULTIPLICACION Expresion
    (28) Expresion -> Expresion . DIVISION Expresion

    PUNTO_Y_COMA    reduce using rule 25 (Expresion -> Expresion SUMA Expresion .)
    SUMA            reduce using rule 25 (Expresion -> Expresion SUMA Expresion .)
    RESTA           reduce using rule 25 (Expresion -> Expresion SUMA Expresion .)
    MENOR           reduce using rule 25 (Expresion -> Expresion SUMA Expresion .)
    MENOR_IGUAL     reduce using rule 25 (Expresion -> Expresion SUMA Expresion .)
    MAYOR           reduce using rule 25 (Expresion -> Expresion SUMA Expresion .)
    MAYOR_IGUAL     reduce using rule 25 (Expresion -> Expresion SUMA Expresion .)
    IGUAL_IGUAL     reduce using rule 25 (Expresion -> Expresion SUMA Expresion .)
    DISTINTO        reduce using rule 25 (Expresion -> Expresion SUMA Expresion .)
    PARENTESIS_DER  reduce using rule 25 (Expresion -> Expresion SUMA Expresion .)
    AND_COR         reduce using rule 25 (Expresion -> Expresion SUMA Expresion .)
    AND_LAR         reduce using rule 25 (Expresion -> Expresion SUMA Expresion .)
    OR_COR          reduce using rule 25 (Expresion -> Expresion SUMA Expresion .)
    OR_LAR          reduce using rule 25 (Expresion -> Expresion SUMA Expresion .)
    MULTIPLICACION  shift and go to state 52
    DIVISION        shift and go to state 53

  ! MULTIPLICACION  [ reduce using rule 25 (Expresion -> Expresion SUMA Expresion .) ]
  ! DIVISION        [ reduce using rule 25 (Expresion -> Expresion SUMA Expresion .) ]
  ! SUMA            [ shift and go to state 50 ]
  ! RESTA           [ shift and go to state 51 ]


state 71

    (26) Expresion -> Expresion RESTA Expresion .
    (25) Expresion -> Expresion . SUMA Expresion
    (26) Expresion -> Expresion . RESTA Expresion
    (27) Expresion -> Expresion . MULTIPLICACION Expresion
    (28) Expresion -> Expresion . DIVISION Expresion

    PUNTO_Y_COMA    reduce using rule 26 (Expresion -> Expresion RESTA Expresion .)
    SUMA            reduce using rule 26 (Expresion -> Expresion RESTA Expresion .)
    RESTA           reduce using rule 26 (Expresion -> Expresion RESTA Expresion .)
    MENOR           reduce using rule 26 (Expresion -> Expresion RESTA Expresion .)
    MENOR_IGUAL     reduce using rule 26 (Expresion -> Expresion RESTA Expresion .)
    MAYOR           reduce using rule 26 (Expresion -> Expresion RESTA Expresion .)
    MAYOR_IGUAL     reduce using rule 26 (Expresion -> Expresion RESTA Expresion .)
    IGUAL_IGUAL     reduce using rule 26 (Expresion -> Expresion RESTA Expresion .)
    DISTINTO        reduce using rule 26 (Expresion -> Expresion RESTA Expresion .)
    PARENTESIS_DER  reduce using rule 26 (Expresion -> Expresion RESTA Expresion .)
    AND_COR         reduce using rule 26 (Expresion -> Expresion RESTA Expresion .)
    AND_LAR         reduce using rule 26 (Expresion -> Expresion RESTA Expresion .)
    OR_COR          reduce using rule 26 (Expresion -> Expresion RESTA Expresion .)
    OR_LAR          reduce using rule 26 (Expresion -> Expresion RESTA Expresion .)
    MULTIPLICACION  shift and go to state 52
    DIVISION        shift and go to state 53

  ! MULTIPLICACION  [ reduce using rule 26 (Expresion -> Expresion RESTA Expresion .) ]
  ! DIVISION        [ reduce using rule 26 (Expresion -> Expresion RESTA Expresion .) ]
  ! SUMA            [ shift and go to state 50 ]
  ! RESTA           [ shift and go to state 51 ]


state 72

    (27) Expresion -> Expresion MULTIPLICACION Expresion .
    (25) Expresion -> Expresion . SUMA Expresion
    (26) Expresion -> Expresion . RESTA Expresion
    (27) Expresion -> Expresion . MULTIPLICACION Expresion
    (28) Expresion -> Expresion . DIVISION Expresion

    PUNTO_Y_COMA    reduce using rule 27 (Expresion -> Expresion MULTIPLICACION Expresion .)
    SUMA            reduce using rule 27 (Expresion -> Expresion MULTIPLICACION Expresion .)
    RESTA           reduce using rule 27 (Expresion -> Expresion MULTIPLICACION Expresion .)
    MULTIPLICACION  reduce using rule 27 (Expresion -> Expresion MULTIPLICACION Expresion .)
    DIVISION        reduce using rule 27 (Expresion -> Expresion MULTIPLICACION Expresion .)
    MENOR           reduce using rule 27 (Expresion -> Expresion MULTIPLICACION Expresion .)
    MENOR_IGUAL     reduce using rule 27 (Expresion -> Expresion MULTIPLICACION Expresion .)
    MAYOR           reduce using rule 27 (Expresion -> Expresion MULTIPLICACION Expresion .)
    MAYOR_IGUAL     reduce using rule 27 (Expresion -> Expresion MULTIPLICACION Expresion .)
    IGUAL_IGUAL     reduce using rule 27 (Expresion -> Expresion MULTIPLICACION Expresion .)
    DISTINTO        reduce using rule 27 (Expresion -> Expresion MULTIPLICACION Expresion .)
    PARENTESIS_DER  reduce using rule 27 (Expresion -> Expresion MULTIPLICACION Expresion .)
    AND_COR         reduce using rule 27 (Expresion -> Expresion MULTIPLICACION Expresion .)
    AND_LAR         reduce using rule 27 (Expresion -> Expresion MULTIPLICACION Expresion .)
    OR_COR          reduce using rule 27 (Expresion -> Expresion MULTIPLICACION Expresion .)
    OR_LAR          reduce using rule 27 (Expresion -> Expresion MULTIPLICACION Expresion .)

  ! SUMA            [ shift and go to state 50 ]
  ! RESTA           [ shift and go to state 51 ]
  ! MULTIPLICACION  [ shift and go to state 52 ]
  ! DIVISION        [ shift and go to state 53 ]


state 73

    (28) Expresion -> Expresion DIVISION Expresion .
    (25) Expresion -> Expresion . SUMA Expresion
    (26) Expresion -> Expresion . RESTA Expresion
    (27) Expresion -> Expresion . MULTIPLICACION Expresion
    (28) Expresion -> Expresion . DIVISION Expresion

    PUNTO_Y_COMA    reduce using rule 28 (Expresion -> Expresion DIVISION Expresion .)
    SUMA            reduce using rule 28 (Expresion -> Expresion DIVISION Expresion .)
    RESTA           reduce using rule 28 (Expresion -> Expresion DIVISION Expresion .)
    MULTIPLICACION  reduce using rule 28 (Expresion -> Expresion DIVISION Expresion .)
    DIVISION        reduce using rule 28 (Expresion -> Expresion DIVISION Expresion .)
    MENOR           reduce using rule 28 (Expresion -> Expresion DIVISION Expresion .)
    MENOR_IGUAL     reduce using rule 28 (Expresion -> Expresion DIVISION Expresion .)
    MAYOR           reduce using rule 28 (Expresion -> Expresion DIVISION Expresion .)
    MAYOR_IGUAL     reduce using rule 28 (Expresion -> Expresion DIVISION Expresion .)
    IGUAL_IGUAL     reduce using rule 28 (Expresion -> Expresion DIVISION Expresion .)
    DISTINTO        reduce using rule 28 (Expresion -> Expresion DIVISION Expresion .)
    PARENTESIS_DER  reduce using rule 28 (Expresion -> Expresion DIVISION Expresion .)
    AND_COR         reduce using rule 28 (Expresion -> Expresion DIVISION Expresion .)
    AND_LAR         reduce using rule 28 (Expresion -> Expresion DIVISION Expresion .)
    OR_COR          reduce using rule 28 (Expresion -> Expresion DIVISION Expresion .)
    OR_LAR          reduce using rule 28 (Expresion -> Expresion DIVISION Expresion .)

  ! SUMA            [ shift and go to state 50 ]
  ! RESTA           [ shift and go to state 51 ]
  ! MULTIPLICACION  [ shift and go to state 52 ]
  ! DIVISION        [ shift and go to state 53 ]


state 74

    (16) Declaracion -> Tipo IDENTIFICADOR IGUAL Expresion PUNTO_Y_COMA .

    TERMINAR        reduce using rule 16 (Declaracion -> Tipo IDENTIFICADOR IGUAL Expresion PUNTO_Y_COMA .)
    IDENTIFICADOR   reduce using rule 16 (Declaracion -> Tipo IDENTIFICADOR IGUAL Expresion PUNTO_Y_COMA .)
    IMPRIMIR        reduce using rule 16 (Declaracion -> Tipo IDENTIFICADOR IGUAL Expresion PUNTO_Y_COMA .)
    LEER            reduce using rule 16 (Declaracion -> Tipo IDENTIFICADOR IGUAL Expresion PUNTO_Y_COMA .)
    MIENTRAS        reduce using rule 16 (Declaracion -> Tipo IDENTIFICADOR IGUAL Expresion PUNTO_Y_COMA .)
    SI              reduce using rule 16 (Declaracion -> Tipo IDENTIFICADOR IGUAL Expresion PUNTO_Y_COMA .)
    INT             reduce using rule 16 (Declaracion -> Tipo IDENTIFICADOR IGUAL Expresion PUNTO_Y_COMA .)
    FLOAT           reduce using rule 16 (Declaracion -> Tipo IDENTIFICADOR IGUAL Expresion PUNTO_Y_COMA .)
    CHAR            reduce using rule 16 (Declaracion -> Tipo IDENTIFICADOR IGUAL Expresion PUNTO_Y_COMA .)
    LLAVE_DER       reduce using rule 16 (Declaracion -> Tipo IDENTIFICADOR IGUAL Expresion PUNTO_Y_COMA .)


state 75

    (11) Imprimir -> IMPRIMIR PARENTESIS_IZQ ContenidoImprimir PARENTESIS_DER PUNTO_Y_COMA .

    TERMINAR        reduce using rule 11 (Imprimir -> IMPRIMIR PARENTESIS_IZQ ContenidoImprimir PARENTESIS_DER PUNTO_Y_COMA .)
    IDENTIFICADOR   reduce using rule 11 (Imprimir -> IMPRIMIR PARENTESIS_IZQ ContenidoImprimir PARENTESIS_DER PUNTO_Y_COMA .)
    IMPRIMIR        reduce using rule 11 (Imprimir -> IMPRIMIR PARENTESIS_IZQ ContenidoImprimir PARENTESIS_DER PUNTO_Y_COMA .)
    LEER            reduce using rule 11 (Imprimir -> IMPRIMIR PARENTESIS_IZQ ContenidoImprimir PARENTESIS_DER PUNTO_Y_COMA .)
    MIENTRAS        reduce using rule 11 (Imprimir -> IMPRIMIR PARENTESIS_IZQ ContenidoImprimir PARENTESIS_DER PUNTO_Y_COMA .)
    SI              reduce using rule 11 (Imprimir -> IMPRIMIR PARENTESIS_IZQ ContenidoImprimir PARENTESIS_DER PUNTO_Y_COMA .)
    INT             reduce using rule 11 (Imprimir -> IMPRIMIR PARENTESIS_IZQ ContenidoImprimir PARENTESIS_DER PUNTO_Y_COMA .)
    FLOAT           reduce using rule 11 (Imprimir -> IMPRIMIR PARENTESIS_IZQ ContenidoImprimir PARENTESIS_DER PUNTO_Y_COMA .)
    CHAR            reduce using rule 11 (Imprimir -> IMPRIMIR PARENTESIS_IZQ ContenidoImprimir PARENTESIS_DER PUNTO_Y_COMA .)
    LLAVE_DER       reduce using rule 11 (Imprimir -> IMPRIMIR PARENTESIS_IZQ ContenidoImprimir PARENTESIS_DER PUNTO_Y_COMA .)


state 76

    (14) ContenidoImprimir -> ContenidoImprimir COMA ContenidoImprimir .
    (14) ContenidoImprimir -> ContenidoImprimir . COMA ContenidoImprimir

  ! shift/reduce conflict for COMA resolved as shift
    PARENTESIS_DER  reduce using rule 14 (ContenidoImprimir -> ContenidoImprimir COMA ContenidoImprimir .)
    COMA            shift and go to state 57

  ! COMA            [ reduce using rule 14 (ContenidoImprimir -> ContenidoImprimir COMA ContenidoImprimir .) ]


state 77

    (29) Mientras -> MIENTRAS PARENTESIS_IZQ Condicion PARENTESIS_DER LLAVE_IZQ . Sentencias LLAVE_DER
    (2) Sentencias -> . Sentencia
    (3) Sentencias -> . Sentencias Sentencia
    (4) Sentencia -> . Declaracion
    (5) Sentencia -> . Asignacion
    (6) Sentencia -> . Imprimir
    (7) Sentencia -> . Leer
    (8) Sentencia -> . Mientras
    (9) Sentencia -> . Si
    (15) Declaracion -> . Tipo ListaIdentificadores PUNTO_Y_COMA
    (16) Declaracion -> . Tipo IDENTIFICADOR IGUAL Expresion PUNTO_Y_COMA
    (22) Asignacion -> . IDENTIFICADOR IGUAL Expresion PUNTO_Y_COMA
    (11) Imprimir -> . IMPRIMIR PARENTESIS_IZQ ContenidoImprimir PARENTESIS_DER PUNTO_Y_COMA
    (10) Leer -> . LEER IDENTIFICADOR PUNTO_Y_COMA
    (29) Mientras -> . MIENTRAS PARENTESIS_IZQ Condicion PARENTESIS_DER LLAVE_IZQ Sentencias LLAVE_DER
    (30) Si -> . SI PARENTESIS_IZQ Condicion PARENTESIS_DER LLAVE_IZQ Sentencias LLAVE_DER
    (31) Si -> . SI PARENTESIS_IZQ Condicion PARENTESIS_DER LLAVE_IZQ Sentencias LLAVE_DER SINO LLAVE_IZQ Sentencias LLAVE_DER
    (17) Tipo -> . INT
    (18) Tipo -> . FLOAT
    (19) Tipo -> . CHAR

    IDENTIFICADOR   shift and go to state 7
    IMPRIMIR        shift and go to state 17
    LEER            shift and go to state 18
    MIENTRAS        shift and go to state 19
    SI              shift and go to state 20
    INT             shift and go to state 21
    FLOAT           shift and go to state 22
    CHAR            shift and go to state 23

    Sentencias                     shift and go to state 89
    Sentencia                      shift and go to state 9
    Declaracion                    shift and go to state 10
    Asignacion                     shift and go to state 11
    Imprimir                       shift and go to state 12
    Leer                           shift and go to state 13
    Mientras                       shift and go to state 14
    Si                             shift and go to state 15
    Tipo                           shift and go to state 16

state 78

    (38) Condicion -> Condicion AND_COR Condicion .
    (38) Condicion -> Condicion . AND_COR Condicion
    (39) Condicion -> Condicion . AND_LAR Condicion
    (40) Condicion -> Condicion . OR_COR Condicion
    (41) Condicion -> Condicion . OR_LAR Condicion

    PARENTESIS_DER  reduce using rule 38 (Condicion -> Condicion AND_COR Condicion .)
    AND_COR         reduce using rule 38 (Condicion -> Condicion AND_COR Condicion .)
    AND_LAR         reduce using rule 38 (Condicion -> Condicion AND_COR Condicion .)
    OR_COR          reduce using rule 38 (Condicion -> Condicion AND_COR Condicion .)
    OR_LAR          reduce using rule 38 (Condicion -> Condicion AND_COR Condicion .)

  ! AND_COR         [ shift and go to state 59 ]
  ! AND_LAR         [ shift and go to state 60 ]
  ! OR_COR          [ shift and go to state 61 ]
  ! OR_LAR          [ shift and go to state 62 ]


state 79

    (39) Condicion -> Condicion AND_LAR Condicion .
    (38) Condicion -> Condicion . AND_COR Condicion
    (39) Condicion -> Condicion . AND_LAR Condicion
    (40) Condicion -> Condicion . OR_COR Condicion
    (41) Condicion -> Condicion . OR_LAR Condicion

    PARENTESIS_DER  reduce using rule 39 (Condicion -> Condicion AND_LAR Condicion .)
    AND_COR         reduce using rule 39 (Condicion -> Condicion AND_LAR Condicion .)
    AND_LAR         reduce using rule 39 (Condicion -> Condicion AND_LAR Condicion .)
    OR_COR          reduce using rule 39 (Condicion -> Condicion AND_LAR Condicion .)
    OR_LAR          reduce using rule 39 (Condicion -> Condicion AND_LAR Condicion .)

  ! AND_COR         [ shift and go to state 59 ]
  ! AND_LAR         [ shift and go to state 60 ]
  ! OR_COR          [ shift and go to state 61 ]
  ! OR_LAR          [ shift and go to state 62 ]


state 80

    (40) Condicion -> Condicion OR_COR Condicion .
    (38) Condicion -> Condicion . AND_COR Condicion
    (39) Condicion -> Condicion . AND_LAR Condicion
    (40) Condicion -> Condicion . OR_COR Condicion
    (41) Condicion -> Condicion . OR_LAR Condicion

    PARENTESIS_DER  reduce using rule 40 (Condicion -> Condicion OR_COR Condicion .)
    OR_COR          reduce using rule 40 (Condicion -> Condicion OR_COR Condicion .)
    OR_LAR          reduce using rule 40 (Condicion -> Condicion OR_COR Condicion .)
    AND_COR         shift and go to state 59
    AND_LAR         shift and go to state 60

  ! AND_COR         [ reduce using rule 40 (Condicion -> Condicion OR_COR Condicion .) ]
  ! AND_LAR         [ reduce using rule 40 (Condicion -> Condicion OR_COR Condicion .) ]
  ! OR_COR          [ shift and go to state 61 ]
  ! OR_LAR          [ shift and go to state 62 ]


state 81

    (41) Condicion -> Condicion OR_LAR Condicion .
    (38) Condicion -> Condicion . AND_COR Condicion
    (39) Condicion -> Condicion . AND_LAR Condicion
    (40) Condicion -> Condicion . OR_COR Condicion
    (41) Condicion -> Condicion . OR_LAR Condicion

    PARENTESIS_DER  reduce using rule 41 (Condicion -> Condicion OR_LAR Condicion .)
    OR_COR          reduce using rule 41 (Condicion -> Condicion OR_LAR Condicion .)
    OR_LAR          reduce using rule 41 (Condicion -> Condicion OR_LAR Condicion .)
    AND_COR         shift and go to state 59
    AND_LAR         shift and go to state 60

  ! AND_COR         [ reduce using rule 41 (Condicion -> Condicion OR_LAR Condicion .) ]
  ! AND_LAR         [ reduce using rule 41 (Condicion -> Condicion OR_LAR Condicion .) ]
  ! OR_COR          [ shift and go to state 61 ]
  ! OR_LAR          [ shift and go to state 62 ]


state 82

    (32) Condicion -> Expresion MENOR Expresion .
    (25) Expresion -> Expresion . SUMA Expresion
    (26) Expresion -> Expresion . RESTA Expresion
    (27) Expresion -> Expresion . MULTIPLICACION Expresion
    (28) Expresion -> Expresion . DIVISION Expresion

    PARENTESIS_DER  reduce using rule 32 (Condicion -> Expresion MENOR Expresion .)
    AND_COR         reduce using rule 32 (Condicion -> Expresion MENOR Expresion .)
    AND_LAR         reduce using rule 32 (Condicion -> Expresion MENOR Expresion .)
    OR_COR          reduce using rule 32 (Condicion -> Expresion MENOR Expresion .)
    OR_LAR          reduce using rule 32 (Condicion -> Expresion MENOR Expresion .)
    SUMA            shift and go to state 50
    RESTA           shift and go to state 51
    MULTIPLICACION  shift and go to state 52
    DIVISION        shift and go to state 53


state 83

    (33) Condicion -> Expresion MENOR_IGUAL Expresion .
    (25) Expresion -> Expresion . SUMA Expresion
    (26) Expresion -> Expresion . RESTA Expresion
    (27) Expresion -> Expresion . MULTIPLICACION Expresion
    (28) Expresion -> Expresion . DIVISION Expresion

    PARENTESIS_DER  reduce using rule 33 (Condicion -> Expresion MENOR_IGUAL Expresion .)
    AND_COR         reduce using rule 33 (Condicion -> Expresion MENOR_IGUAL Expresion .)
    AND_LAR         reduce using rule 33 (Condicion -> Expresion MENOR_IGUAL Expresion .)
    OR_COR          reduce using rule 33 (Condicion -> Expresion MENOR_IGUAL Expresion .)
    OR_LAR          reduce using rule 33 (Condicion -> Expresion MENOR_IGUAL Expresion .)
    SUMA            shift and go to state 50
    RESTA           shift and go to state 51
    MULTIPLICACION  shift and go to state 52
    DIVISION        shift and go to state 53


state 84

    (34) Condicion -> Expresion MAYOR Expresion .
    (25) Expresion -> Expresion . SUMA Expresion
    (26) Expresion -> Expresion . RESTA Expresion
    (27) Expresion -> Expresion . MULTIPLICACION Expresion
    (28) Expresion -> Expresion . DIVISION Expresion

    PARENTESIS_DER  reduce using rule 34 (Condicion -> Expresion MAYOR Expresion .)
    AND_COR         reduce using rule 34 (Condicion -> Expresion MAYOR Expresion .)
    AND_LAR         reduce using rule 34 (Condicion -> Expresion MAYOR Expresion .)
    OR_COR          reduce using rule 34 (Condicion -> Expresion MAYOR Expresion .)
    OR_LAR          reduce using rule 34 (Condicion -> Expresion MAYOR Expresion .)
    SUMA            shift and go to state 50
    RESTA           shift and go to state 51
    MULTIPLICACION  shift and go to state 52
    DIVISION        shift and go to state 53


state 85

    (35) Condicion -> Expresion MAYOR_IGUAL Expresion .
    (25) Expresion -> Expresion . SUMA Expresion
    (26) Expresion -> Expresion . RESTA Expresion
    (27) Expresion -> Expresion . MULTIPLICACION Expresion
    (28) Expresion -> Expresion . DIVISION Expresion

    PARENTESIS_DER  reduce using rule 35 (Condicion -> Expresion MAYOR_IGUAL Expresion .)
    AND_COR         reduce using rule 35 (Condicion -> Expresion MAYOR_IGUAL Expresion .)
    AND_LAR         reduce using rule 35 (Condicion -> Expresion MAYOR_IGUAL Expresion .)
    OR_COR          reduce using rule 35 (Condicion -> Expresion MAYOR_IGUAL Expresion .)
    OR_LAR          reduce using rule 35 (Condicion -> Expresion MAYOR_IGUAL Expresion .)
    SUMA            shift and go to state 50
    RESTA           shift and go to state 51
    MULTIPLICACION  shift and go to state 52
    DIVISION        shift and go to state 53


state 86

    (36) Condicion -> Expresion IGUAL_IGUAL Expresion .
    (25) Expresion -> Expresion . SUMA Expresion
    (26) Expresion -> Expresion . RESTA Expresion
    (27) Expresion -> Expresion . MULTIPLICACION Expresion
    (28) Expresion -> Expresion . DIVISION Expresion

    PARENTESIS_DER  reduce using rule 36 (Condicion -> Expresion IGUAL_IGUAL Expresion .)
    AND_COR         reduce using rule 36 (Condicion -> Expresion IGUAL_IGUAL Expresion .)
    AND_LAR         reduce using rule 36 (Condicion -> Expresion IGUAL_IGUAL Expresion .)
    OR_COR          reduce using rule 36 (Condicion -> Expresion IGUAL_IGUAL Expresion .)
    OR_LAR          reduce using rule 36 (Condicion -> Expresion IGUAL_IGUAL Expresion .)
    SUMA            shift and go to state 50
    RESTA           shift and go to state 51
    MULTIPLICACION  shift and go to state 52
    DIVISION        shift and go to state 53


state 87

    (37) Condicion -> Expresion DISTINTO Expresion .
    (25) Expresion -> Expresion . SUMA Expresion
    (26) Expresion -> Expresion . RESTA Expresion
    (27) Expresion -> Expresion . MULTIPLICACION Expresion
    (28) Expresion -> Expresion . DIVISION Expresion

    PARENTESIS_DER  reduce using rule 37 (Condicion -> Expresion DISTINTO Expresion .)
    AND_COR         reduce using rule 37 (Condicion -> Expresion DISTINTO Expresion .)
    AND_LAR         reduce using rule 37 (Condicion -> Expresion DISTINTO Expresion .)
    OR_COR          reduce using rule 37 (Condicion -> Expresion DISTINTO Expresion .)
    OR_LAR          reduce using rule 37 (Condicion -> Expresion DISTINTO Expresion .)
    SUMA            shift and go to state 50
    RESTA           shift and go to state 51
    MULTIPLICACION  shift and go to state 52
    DIVISION        shift and go to state 53


state 88

    (30) Si -> SI PARENTESIS_IZQ Condicion PARENTESIS_DER LLAVE_IZQ . Sentencias LLAVE_DER
    (31) Si -> SI PARENTESIS_IZQ Condicion PARENTESIS_DER LLAVE_IZQ . Sentencias LLAVE_DER SINO LLAVE_IZQ Sentencias LLAVE_DER
    (2) Sentencias -> . Sentencia
    (3) Sentencias -> . Sentencias Sentencia
    (4) Sentencia -> . Declaracion
    (5) Sentencia -> . Asignacion
    (6) Sentencia -> . Imprimir
    (7) Sentencia -> . Leer
    (8) Sentencia -> . Mientras
    (9) Sentencia -> . Si
    (15) Declaracion -> . Tipo ListaIdentificadores PUNTO_Y_COMA
    (16) Declaracion -> . Tipo IDENTIFICADOR IGUAL Expresion PUNTO_Y_COMA
    (22) Asignacion -> . IDENTIFICADOR IGUAL Expresion PUNTO_Y_COMA
    (11) Imprimir -> . IMPRIMIR PARENTESIS_IZQ ContenidoImprimir PARENTESIS_DER PUNTO_Y_COMA
    (10) Leer -> . LEER IDENTIFICADOR PUNTO_Y_COMA
    (29) Mientras -> . MIENTRAS PARENTESIS_IZQ Condicion PARENTESIS_DER LLAVE_IZQ Sentencias LLAVE_DER
    (30) Si -> . SI PARENTESIS_IZQ Condicion PARENTESIS_DER LLAVE_IZQ Sentencias LLAVE_DER
    (31) Si -> . SI PARENTESIS_IZQ Condicion PARENTESIS_DER LLAVE_IZQ Sentencias LLAVE_DER SINO LLAVE_IZQ Sentencias LLAVE_DER
    (17) Tipo -> . INT
    (18) Tipo -> . FLOAT
    (19) Tipo -> . CHAR

    IDENTIFICADOR   shift and go to state 7
    IMPRIMIR        shift and go to state 17
    LEER            shift and go to state 18
    MIENTRAS        shift and go to state 19
    SI              shift and go to state 20
    INT             shift and go to state 21
    FLOAT           shift and go to state 22
    CHAR            shift and go to state 23

    Sentencias                     shift and go to state 90
    Sentencia                      shift and go to state 9
    Declaracion                    shift and go to state 10
    Asignacion                     shift and go to state 11
    Imprimir                       shift and go to state 12
    Leer                           shift and go to state 13
    Mientras                       shift and go to state 14
    Si                             shift and go to state 15
    Tipo                           shift and go to state 16

state 89

    (29) Mientras -> MIENTRAS PARENTESIS_IZQ Condicion PARENTESIS_DER LLAVE_IZQ Sentencias . LLAVE_DER
    (3) Sentencias -> Sentencias . Sentencia
    (4) Sentencia -> . Declaracion
    (5) Sentencia -> . Asignacion
    (6) Sentencia -> . Imprimir
    (7) Sentencia -> . Leer
    (8) Sentencia -> . Mientras
    (9) Sentencia -> . Si
    (15) Declaracion -> . Tipo ListaIdentificadores PUNTO_Y_COMA
    (16) Declaracion -> . Tipo IDENTIFICADOR IGUAL Expresion PUNTO_Y_COMA
    (22) Asignacion -> . IDENTIFICADOR IGUAL Expresion PUNTO_Y_COMA
    (11) Imprimir -> . IMPRIMIR PARENTESIS_IZQ ContenidoImprimir PARENTESIS_DER PUNTO_Y_COMA
    (10) Leer -> . LEER IDENTIFICADOR PUNTO_Y_COMA
    (29) Mientras -> . MIENTRAS PARENTESIS_IZQ Condicion PARENTESIS_DER LLAVE_IZQ Sentencias LLAVE_DER
    (30) Si -> . SI PARENTESIS_IZQ Condicion PARENTESIS_DER LLAVE_IZQ Sentencias LLAVE_DER
    (31) Si -> . SI PARENTESIS_IZQ Condicion PARENTESIS_DER LLAVE_IZQ Sentencias LLAVE_DER SINO LLAVE_IZQ Sentencias LLAVE_DER
    (17) Tipo -> . INT
    (18) Tipo -> . FLOAT
    (19) Tipo -> . CHAR

    LLAVE_DER       shift and go to state 91
    IDENTIFICADOR   shift and go to state 7
    IMPRIMIR        shift and go to state 17
    LEER            shift and go to state 18
    MIENTRAS        shift and go to state 19
    SI              shift and go to state 20
    INT             shift and go to state 21
    FLOAT           shift and go to state 22
    CHAR            shift and go to state 23

    Sentencia                      shift and go to state 26
    Declaracion                    shift and go to state 10
    Asignacion                     shift and go to state 11
    Imprimir                       shift and go to state 12
    Leer                           shift and go to state 13
    Mientras                       shift and go to state 14
    Si                             shift and go to state 15
    Tipo                           shift and go to state 16

state 90

    (30) Si -> SI PARENTESIS_IZQ Condicion PARENTESIS_DER LLAVE_IZQ Sentencias . LLAVE_DER
    (31) Si -> SI PARENTESIS_IZQ Condicion PARENTESIS_DER LLAVE_IZQ Sentencias . LLAVE_DER SINO LLAVE_IZQ Sentencias LLAVE_DER
    (3) Sentencias -> Sentencias . Sentencia
    (4) Sentencia -> . Declaracion
    (5) Sentencia -> . Asignacion
    (6) Sentencia -> . Imprimir
    (7) Sentencia -> . Leer
    (8) Sentencia -> . Mientras
    (9) Sentencia -> . Si
    (15) Declaracion -> . Tipo ListaIdentificadores PUNTO_Y_COMA
    (16) Declaracion -> . Tipo IDENTIFICADOR IGUAL Expresion PUNTO_Y_COMA
    (22) Asignacion -> . IDENTIFICADOR IGUAL Expresion PUNTO_Y_COMA
    (11) Imprimir -> . IMPRIMIR PARENTESIS_IZQ ContenidoImprimir PARENTESIS_DER PUNTO_Y_COMA
    (10) Leer -> . LEER IDENTIFICADOR PUNTO_Y_COMA
    (29) Mientras -> . MIENTRAS PARENTESIS_IZQ Condicion PARENTESIS_DER LLAVE_IZQ Sentencias LLAVE_DER
    (30) Si -> . SI PARENTESIS_IZQ Condicion PARENTESIS_DER LLAVE_IZQ Sentencias LLAVE_DER
    (31) Si -> . SI PARENTESIS_IZQ Condicion PARENTESIS_DER LLAVE_IZQ Sentencias LLAVE_DER SINO LLAVE_IZQ Sentencias LLAVE_DER
    (17) Tipo -> . INT
    (18) Tipo -> . FLOAT
    (19) Tipo -> . CHAR

    LLAVE_DER       shift and go to state 92
    IDENTIFICADOR   shift and go to state 7
    IMPRIMIR        shift and go to state 17
    LEER            shift and go to state 18
    MIENTRAS        shift and go to state 19
    SI              shift and go to state 20
    INT             shift and go to state 21
    FLOAT           shift and go to state 22
    CHAR            shift and go to state 23

    Sentencia                      shift and go to state 26
    Declaracion                    shift and go to state 10
    Asignacion                     shift and go to state 11
    Imprimir                       shift and go to state 12
    Leer                           shift and go to state 13
    Mientras                       shift and go to state 14
    Si                             shift and go to state 15
    Tipo                           shift and go to state 16

state 91

    (29) Mientras -> MIENTRAS PARENTESIS_IZQ Condicion PARENTESIS_DER LLAVE_IZQ Sentencias LLAVE_DER .

    TERMINAR        reduce using rule 29 (Mientras -> MIENTRAS PARENTESIS_IZQ Condicion PARENTESIS_DER LLAVE_IZQ Sentencias LLAVE_DER .)
    IDENTIFICADOR   reduce using rule 29 (Mientras -> MIENTRAS PARENTESIS_IZQ Condicion PARENTESIS_DER LLAVE_IZQ Sentencias LLAVE_DER .)
    IMPRIMIR        reduce using rule 29 (Mientras -> MIENTRAS PARENTESIS_IZQ Condicion PARENTESIS_DER LLAVE_IZQ Sentencias LLAVE_DER .)
    LEER            reduce using rule 29 (Mientras -> MIENTRAS PARENTESIS_IZQ Condicion PARENTESIS_DER LLAVE_IZQ Sentencias LLAVE_DER .)
    MIENTRAS        reduce using rule 29 (Mientras -> MIENTRAS PARENTESIS_IZQ Condicion PARENTESIS_DER LLAVE_IZQ Sentencias LLAVE_DER .)
    SI              reduce using rule 29 (Mientras -> MIENTRAS PARENTESIS_IZQ Condicion PARENTESIS_DER LLAVE_IZQ Sentencias LLAVE_DER .)
    INT             reduce using rule 29 (Mientras -> MIENTRAS PARENTESIS_IZQ Condicion PARENTESIS_DER LLAVE_IZQ Sentencias LLAVE_DER .)
    FLOAT           reduce using rule 29 (Mientras -> MIENTRAS PARENTESIS_IZQ Condicion PARENTESIS_DER LLAVE_IZQ Sentencias LLAVE_DER .)
    CHAR            reduce using rule 29 (Mientras -> MIENTRAS PARENTESIS_IZQ Condicion PARENTESIS_DER LLAVE_IZQ Sentencias LLAVE_DER .)
    LLAVE_DER       reduce using rule 29 (Mientras -> MIENTRAS PARENTESIS_IZQ Condicion PARENTESIS_DER LLAVE_IZQ Sentencias LLAVE_DER .)


state 92

    (30) Si -> SI PARENTESIS_IZQ Condicion PARENTESIS_DER LLAVE_IZQ Sentencias LLAVE_DER .
    (31) Si -> SI PARENTESIS_IZQ Condicion PARENTESIS_DER LLAVE_IZQ Sentencias LLAVE_DER . SINO LLAVE_IZQ Sentencias LLAVE_DER

    TERMINAR        reduce using rule 30 (Si -> SI PARENTESIS_IZQ Condicion PARENTESIS_DER LLAVE_IZQ Sentencias LLAVE_DER .)
    IDENTIFICADOR   reduce using rule 30 (Si -> SI PARENTESIS_IZQ Condicion PARENTESIS_DER LLAVE_IZQ Sentencias LLAVE_DER .)
    IMPRIMIR        reduce using rule 30 (Si -> SI PARENTESIS_IZQ Condicion PARENTESIS_DER LLAVE_IZQ Sentencias LLAVE_DER .)
    LEER            reduce using rule 30 (Si -> SI PARENTESIS_IZQ Condicion PARENTESIS_DER LLAVE_IZQ Sentencias LLAVE_DER .)
    MIENTRAS        reduce using rule 30 (Si -> SI PARENTESIS_IZQ Condicion PARENTESIS_DER LLAVE_IZQ Sentencias LLAVE_DER .)
    SI              reduce using rule 30 (Si -> SI PARENTESIS_IZQ Condicion PARENTESIS_DER LLAVE_IZQ Sentencias LLAVE_DER .)
    INT             reduce using rule 30 (Si -> SI PARENTESIS_IZQ Condicion PARENTESIS_DER LLAVE_IZQ Sentencias LLAVE_DER .)
    FLOAT           reduce using rule 30 (Si -> SI PARENTESIS_IZQ Condicion PARENTESIS_DER LLAVE_IZQ Sentencias LLAVE_DER .)
    CHAR            reduce using rule 30 (Si -> SI PARENTESIS_IZQ Condicion PARENTESIS_DER LLAVE_IZQ Sentencias LLAVE_DER .)
    LLAVE_DER       reduce using rule 30 (Si -> SI PARENTESIS_IZQ Condicion PARENTESIS_DER LLAVE_IZQ Sentencias LLAVE_DER .)
    SINO            shift and go to state 93


state 93

    (31) Si -> SI PARENTESIS_IZQ Condicion PARENTESIS_DER LLAVE_IZQ Sentencias LLAVE_DER SINO . LLAVE_IZQ Sentencias LLAVE_DER

    LLAVE_IZQ       shift and go to state 94


state 94

    (31) Si -> SI PARENTESIS_IZQ Condicion PARENTESIS_DER LLAVE_IZQ Sentencias LLAVE_DER SINO LLAVE_IZQ . Sentencias LLAVE_DER
    (2) Sentencias -> . Sentencia
    (3) Sentencias -> . Sentencias Sentencia
    (4) Sentencia -> . Declaracion
    (5) Sentencia -> . Asignacion
    (6) Sentencia -> . Imprimir
    (7) Sentencia -> . Leer
    (8) Sentencia -> . Mientras
    (9) Sentencia -> . Si
    (15) Declaracion -> . Tipo ListaIdentificadores PUNTO_Y_COMA
    (16) Declaracion -> . Tipo IDENTIFICADOR IGUAL Expresion PUNTO_Y_COMA
    (22) Asignacion -> . IDENTIFICADOR IGUAL Expresion PUNTO_Y_COMA
    (11) Imprimir -> . IMPRIMIR PARENTESIS_IZQ ContenidoImprimir PARENTESIS_DER PUNTO_Y_COMA
    (10) Leer -> . LEER IDENTIFICADOR PUNTO_Y_COMA
    (29) Mientras -> . MIENTRAS PARENTESIS_IZQ Condicion PARENTESIS_DER LLAVE_IZQ Sentencias LLAVE_DER
    (30) Si -> . SI PARENTESIS_IZQ Condicion PARENTESIS_DER LLAVE_IZQ Sentencias LLAVE_DER
    (31) Si -> . SI PARENTESIS_IZQ Condicion PARENTESIS_DER LLAVE_IZQ Sentencias LLAVE_DER SINO LLAVE_IZQ Sentencias LLAVE_DER
    (17) Tipo -> . INT
    (18) Tipo -> . FLOAT
    (19) Tipo -> . CHAR

    IDENTIFICADOR   shift and go to state 7
    IMPRIMIR        shift and go to state 17
    LEER            shift and go to state 18
    MIENTRAS        shift and go to state 19
    SI              shift and go to state 20
    INT             shift and go to state 21
    FLOAT           shift and go to state 22
    CHAR            shift and go to state 23

    Sentencias                     shift and go to state 95
    Sentencia                      shift and go to state 9
    Declaracion                    shift and go to state 10
    Asignacion                     shift and go to state 11
    Imprimir                       shift and go to state 12
    Leer                           shift and go to state 13
    Mientras                       shift and go to state 14
    Si                             shift and go to state 15
    Tipo                           shift and go to state 16

state 95

    (31) Si -> SI PARENTESIS_IZQ Condicion PARENTESIS_DER LLAVE_IZQ Sentencias LLAVE_DER SINO LLAVE_IZQ Sentencias . LLAVE_DER
    (3) Sentencias -> Sentencias . Sentencia
    (4) Sentencia -> . Declaracion
    (5) Sentencia -> . Asignacion
    (6) Sentencia -> . Imprimir
    (7) Sentencia -> . Leer
    (8) Sentencia -> . Mientras
    (9) Sentencia -> . Si
    (15) Declaracion -> . Tipo ListaIdentificadores PUNTO_Y_COMA
    (16) Declaracion -> . Tipo IDENTIFICADOR IGUAL Expresion PUNTO_Y_COMA
    (22) Asignacion -> . IDENTIFICADOR IGUAL Expresion PUNTO_Y_COMA
    (11) Imprimir -> . IMPRIMIR PARENTESIS_IZQ ContenidoImprimir PARENTESIS_DER PUNTO_Y_COMA
    (10) Leer -> . LEER IDENTIFICADOR PUNTO_Y_COMA
    (29) Mientras -> . MIENTRAS PARENTESIS_IZQ Condicion PARENTESIS_DER LLAVE_IZQ Sentencias LLAVE_DER
    (30) Si -> . SI PARENTESIS_IZQ Condicion PARENTESIS_DER LLAVE_IZQ Sentencias LLAVE_DER
    (31) Si -> . SI PARENTESIS_IZQ Condicion PARENTESIS_DER LLAVE_IZQ Sentencias LLAVE_DER SINO LLAVE_IZQ Sentencias LLAVE_DER
    (17) Tipo -> . INT
    (18) Tipo -> . FLOAT
    (19) Tipo -> . CHAR

    LLAVE_DER       shift and go to state 96
    IDENTIFICADOR   shift and go to state 7
    IMPRIMIR        shift and go to state 17
    LEER            shift and go to state 18
    MIENTRAS        shift and go to state 19
    SI              shift and go to state 20
    INT             shift and go to state 21
    FLOAT           shift and go to state 22
    CHAR            shift and go to state 23

    Sentencia                      shift and go to state 26
    Declaracion                    shift and go to state 10
    Asignacion                     shift and go to state 11
    Imprimir                       shift and go to state 12
    Leer                           shift and go to state 13
    Mientras                       shift and go to state 14
    Si                             shift and go to state 15
    Tipo                           shift and go to state 16

state 96

    (31) Si -> SI PARENTESIS_IZQ Condicion PARENTESIS_DER LLAVE_IZQ Sentencias LLAVE_DER SINO LLAVE_IZQ Sentencias LLAVE_DER .

    TERMINAR        reduce using rule 31 (Si -> SI PARENTESIS_IZQ Condicion PARENTESIS_DER LLAVE_IZQ Sentencias LLAVE_DER SINO LLAVE_IZQ Sentencias LLAVE_DER .)
    IDENTIFICADOR   reduce using rule 31 (Si -> SI PARENTESIS_IZQ Condicion PARENTESIS_DER LLAVE_IZQ Sentencias LLAVE_DER SINO LLAVE_IZQ Sentencias LLAVE_DER .)
    IMPRIMIR        reduce using rule 31 (Si -> SI PARENTESIS_IZQ Condicion PARENTESIS_DER LLAVE_IZQ Sentencias LLAVE_DER SINO LLAVE_IZQ Sentencias LLAVE_DER .)
    LEER            reduce using rule 31 (Si -> SI PARENTESIS_IZQ Condicion PARENTESIS_DER LLAVE_IZQ Sentencias LLAVE_DER SINO LLAVE_IZQ Sentencias LLAVE_DER .)
    MIENTRAS        reduce using rule 31 (Si -> SI PARENTESIS_IZQ Condicion PARENTESIS_DER LLAVE_IZQ Sentencias LLAVE_DER SINO LLAVE_IZQ Sentencias LLAVE_DER .)
    SI              reduce using rule 31 (Si -> SI PARENTESIS_IZQ Condicion PARENTESIS_DER LLAVE_IZQ Sentencias LLAVE_DER SINO LLAVE_IZQ Sentencias LLAVE_DER .)
    INT             reduce using rule 31 (Si -> SI PARENTESIS_IZQ Condicion PARENTESIS_DER LLAVE_IZQ Sentencias LLAVE_DER SINO LLAVE_IZQ Sentencias LLAVE_DER .)
    FLOAT           reduce using rule 31 (Si -> SI PARENTESIS_IZQ Condicion PARENTESIS_DER LLAVE_IZQ Sentencias LLAVE_DER SINO LLAVE_IZQ Sentencias LLAVE_DER .)
    CHAR            reduce using rule 31 (Si -> SI PARENTESIS_IZQ Condicion PARENTESIS_DER LLAVE_IZQ Sentencias LLAVE_DER SINO LLAVE_IZQ Sentencias LLAVE_DER .)
    LLAVE_DER       reduce using rule 31 (Si -> SI PARENTESIS_IZQ Condicion PARENTESIS_DER LLAVE_IZQ Sentencias LLAVE_DER SINO LLAVE_IZQ Sentencias LLAVE_DER .)

WARNING: 
WARNING: Conflicts:
WARNING: 
WARNING: shift/reduce conflict for COMA in state 76 resolved as shift
